Added Component: Designator=C?(CAP_0805)
Added Component: Designator=C?(CAP_0805)
Added Component: Designator=C?(CAP_0805)
Added Component: Designator=C?(0805_Capacitor)
Add component (AddParameter): Name = "Availability"; Value = "Unavailable"; VariantName = "[No Variations]"
Add component (AddParameter): Name = "MF"; Value = "Samsung"; VariantName = "[No Variations]"
Add component (AddParameter): Name = "MP"; Value = "CL21B104KBCNNNC"; VariantName = "[No Variations]"
Add component (AddParameter): Name = "Package"; Value = "0805 Samsung"; VariantName = "[No Variations]"
Add component (AddParameter): Name = "Price"; Value = "None"; VariantName = "[No Variations]"
Add component (AddParameter): Name = "SnapEDA_Link"; Value = "https://www.snapeda.com/parts/CL21B104KBCNNNC/Samsung/view-part/3597943/?ref=snap"; VariantName = "[No Variations]"
Add component (AddParameter): Name = "Value"; Value = ""; VariantName = "[No Variations]"
Added Component: Designator=C?(0805_Capacitor)
Add component (AddParameter): Name = "Availability"; Value = "Unavailable"; VariantName = "[No Variations]"
Add component (AddParameter): Name = "MF"; Value = "Samsung"; VariantName = "[No Variations]"
Add component (AddParameter): Name = "MP"; Value = "CL21B104KBCNNNC"; VariantName = "[No Variations]"
Add component (AddParameter): Name = "Package"; Value = "0805 Samsung"; VariantName = "[No Variations]"
Add component (AddParameter): Name = "Price"; Value = "None"; VariantName = "[No Variations]"
Add component (AddParameter): Name = "SnapEDA_Link"; Value = "https://www.snapeda.com/parts/CL21B104KBCNNNC/Samsung/view-part/3597943/?ref=snap"; VariantName = "[No Variations]"
Add component (AddParameter): Name = "Value"; Value = ""; VariantName = "[No Variations]"
Added Component: Designator=C?(0805_Capacitor)
Add component (AddParameter): Name = "Availability"; Value = "Unavailable"; VariantName = "[No Variations]"
Add component (AddParameter): Name = "MF"; Value = "Samsung"; VariantName = "[No Variations]"
Add component (AddParameter): Name = "MP"; Value = "CL21B104KBCNNNC"; VariantName = "[No Variations]"
Add component (AddParameter): Name = "Package"; Value = "0805 Samsung"; VariantName = "[No Variations]"
Add component (AddParameter): Name = "Price"; Value = "None"; VariantName = "[No Variations]"
Add component (AddParameter): Name = "SnapEDA_Link"; Value = "https://www.snapeda.com/parts/CL21B104KBCNNNC/Samsung/view-part/3597943/?ref=snap"; VariantName = "[No Variations]"
Add component (AddParameter): Name = "Value"; Value = ""; VariantName = "[No Variations]"
Added Component: Designator=C?(0805_Capacitor)
Add component (AddParameter): Name = "Availability"; Value = "Unavailable"; VariantName = "[No Variations]"
Add component (AddParameter): Name = "MF"; Value = "Samsung"; VariantName = "[No Variations]"
Add component (AddParameter): Name = "MP"; Value = "CL21B104KBCNNNC"; VariantName = "[No Variations]"
Add component (AddParameter): Name = "Package"; Value = "0805 Samsung"; VariantName = "[No Variations]"
Add component (AddParameter): Name = "Price"; Value = "None"; VariantName = "[No Variations]"
Add component (AddParameter): Name = "SnapEDA_Link"; Value = "https://www.snapeda.com/parts/CL21B104KBCNNNC/Samsung/view-part/3597943/?ref=snap"; VariantName = "[No Variations]"
Add component (AddParameter): Name = "Value"; Value = ""; VariantName = "[No Variations]"
Added Component: Designator=C?(0805_Capacitor)
Add component (AddParameter): Name = "Availability"; Value = "Unavailable"; VariantName = "[No Variations]"
Add component (AddParameter): Name = "MF"; Value = "Samsung"; VariantName = "[No Variations]"
Add component (AddParameter): Name = "MP"; Value = "CL21B104KBCNNNC"; VariantName = "[No Variations]"
Add component (AddParameter): Name = "Package"; Value = "0805 Samsung"; VariantName = "[No Variations]"
Add component (AddParameter): Name = "Price"; Value = "None"; VariantName = "[No Variations]"
Add component (AddParameter): Name = "SnapEDA_Link"; Value = "https://www.snapeda.com/parts/CL21B104KBCNNNC/Samsung/view-part/3597943/?ref=snap"; VariantName = "[No Variations]"
Add component (AddParameter): Name = "Value"; Value = ""; VariantName = "[No Variations]"
Added Component: Designator=C?(0805_Capacitor)
Add component (AddParameter): Name = "Availability"; Value = "Unavailable"; VariantName = "[No Variations]"
Add component (AddParameter): Name = "MF"; Value = "Samsung"; VariantName = "[No Variations]"
Add component (AddParameter): Name = "MP"; Value = "CL21B104KBCNNNC"; VariantName = "[No Variations]"
Add component (AddParameter): Name = "Package"; Value = "0805 Samsung"; VariantName = "[No Variations]"
Add component (AddParameter): Name = "Price"; Value = "None"; VariantName = "[No Variations]"
Add component (AddParameter): Name = "SnapEDA_Link"; Value = "https://www.snapeda.com/parts/CL21B104KBCNNNC/Samsung/view-part/3597943/?ref=snap"; VariantName = "[No Variations]"
Add component (AddParameter): Name = "Value"; Value = ""; VariantName = "[No Variations]"
Added Component: Designator=C?(0805_Capacitor)
Add component (AddParameter): Name = "Availability"; Value = "Unavailable"; VariantName = "[No Variations]"
Add component (AddParameter): Name = "MF"; Value = "Samsung"; VariantName = "[No Variations]"
Add component (AddParameter): Name = "MP"; Value = "CL21B104KBCNNNC"; VariantName = "[No Variations]"
Add component (AddParameter): Name = "Package"; Value = "0805 Samsung"; VariantName = "[No Variations]"
Add component (AddParameter): Name = "Price"; Value = "None"; VariantName = "[No Variations]"
Add component (AddParameter): Name = "SnapEDA_Link"; Value = "https://www.snapeda.com/parts/CL21B104KBCNNNC/Samsung/view-part/3597943/?ref=snap"; VariantName = "[No Variations]"
Add component (AddParameter): Name = "Value"; Value = ""; VariantName = "[No Variations]"
Added Component: Designator=C?(0805_Capacitor)
Add component (AddParameter): Name = "Availability"; Value = "Unavailable"; VariantName = "[No Variations]"
Add component (AddParameter): Name = "MF"; Value = "Samsung"; VariantName = "[No Variations]"
Add component (AddParameter): Name = "MP"; Value = "CL21B104KBCNNNC"; VariantName = "[No Variations]"
Add component (AddParameter): Name = "Package"; Value = "0805 Samsung"; VariantName = "[No Variations]"
Add component (AddParameter): Name = "Price"; Value = "None"; VariantName = "[No Variations]"
Add component (AddParameter): Name = "SnapEDA_Link"; Value = "https://www.snapeda.com/parts/CL21B104KBCNNNC/Samsung/view-part/3597943/?ref=snap"; VariantName = "[No Variations]"
Add component (AddParameter): Name = "Value"; Value = ""; VariantName = "[No Variations]"
Added Component: Designator=C?(CAP_0805)
Added Component: Designator=C?(0805_Capacitor)
Add component (AddParameter): Name = "Availability"; Value = "Unavailable"; VariantName = "[No Variations]"
Add component (AddParameter): Name = "MF"; Value = "Samsung"; VariantName = "[No Variations]"
Add component (AddParameter): Name = "MP"; Value = "CL21B104KBCNNNC"; VariantName = "[No Variations]"
Add component (AddParameter): Name = "Package"; Value = "0805 Samsung"; VariantName = "[No Variations]"
Add component (AddParameter): Name = "Price"; Value = "None"; VariantName = "[No Variations]"
Add component (AddParameter): Name = "SnapEDA_Link"; Value = "https://www.snapeda.com/parts/CL21B104KBCNNNC/Samsung/view-part/3597943/?ref=snap"; VariantName = "[No Variations]"
Add component (AddParameter): Name = "Value"; Value = ""; VariantName = "[No Variations]"
Added Component: Designator=C?(0805_Capacitor)
Add component (AddParameter): Name = "Availability"; Value = "Unavailable"; VariantName = "[No Variations]"
Add component (AddParameter): Name = "MF"; Value = "Samsung"; VariantName = "[No Variations]"
Add component (AddParameter): Name = "MP"; Value = "CL21B104KBCNNNC"; VariantName = "[No Variations]"
Add component (AddParameter): Name = "Package"; Value = "0805 Samsung"; VariantName = "[No Variations]"
Add component (AddParameter): Name = "Price"; Value = "None"; VariantName = "[No Variations]"
Add component (AddParameter): Name = "SnapEDA_Link"; Value = "https://www.snapeda.com/parts/CL21B104KBCNNNC/Samsung/view-part/3597943/?ref=snap"; VariantName = "[No Variations]"
Add component (AddParameter): Name = "Value"; Value = ""; VariantName = "[No Variations]"
Added Component: Designator=IC?(SOT230P700X180-4N)
Add component (AddParameter): Name = "Arrow Part Number"; Value = "MIC5239-3.3YS-TR"; VariantName = "[No Variations]"
Add component (AddParameter): Name = "Arrow Price/Stock"; Value = "https://www.arrow.com/en/products/mic5239-3.3ys-tr/microchip-technology?region=nac"; VariantName = "[No Variations]"
Add component (AddParameter): Name = "Datasheet Link"; Value = "https://ww1.microchip.com/downloads/en/DeviceDoc/mic5239.pdf"; VariantName = "[No Variations]"
Add component (AddParameter): Name = "Height"; Value = "1.8mm"; VariantName = "[No Variations]"
Add component (AddParameter): Name = "Manufacturer_Name"; Value = "Microchip"; VariantName = "[No Variations]"
Add component (AddParameter): Name = "Manufacturer_Part_Number"; Value = "MIC5239-3.3YS-TR"; VariantName = "[No Variations]"
Add component (AddParameter): Name = "Mouser Part Number"; Value = "998-MIC5239-3.3YSTR"; VariantName = "[No Variations]"
Add component (AddParameter): Name = "Mouser Price/Stock"; Value = "https://www.mouser.co.uk/ProductDetail/Microchip-Technology-Micrel/MIC5239-33YS-TR?qs=U6T8BxXiZAXN0UitWWB92A%3D%3D"; VariantName = "[No Variations]"
Added Component: Designator=IC?(SON65P300X300X100-9N-D)
Add component (AddParameter): Name = "Arrow Part Number"; Value = "MCP2542FD-E/MF"; VariantName = "[No Variations]"
Add component (AddParameter): Name = "Arrow Price/Stock"; Value = "https://www.arrow.com/en/products/mcp2542fd-emf/microchip-technology?region=nac"; VariantName = "[No Variations]"
Add component (AddParameter): Name = "Datasheet Link"; Value = "http://ww1.microchip.com/downloads/en/devicedoc/20005514a.pdf"; VariantName = "[No Variations]"
Add component (AddParameter): Name = "Height"; Value = "1mm"; VariantName = "[No Variations]"
Add component (AddParameter): Name = "Manufacturer_Name"; Value = "Microchip"; VariantName = "[No Variations]"
Add component (AddParameter): Name = "Manufacturer_Part_Number"; Value = "MCP2542FD-E/MF"; VariantName = "[No Variations]"
Add component (AddParameter): Name = "Mouser Part Number"; Value = "579-MCP2542FD-E/MF"; VariantName = "[No Variations]"
Add component (AddParameter): Name = "Mouser Price/Stock"; Value = "https://www.mouser.co.uk/ProductDetail/Microchip-Technology-Atmel/MCP2542FD-E-MF?qs=l7cgNqFNU1jog4BwTzULBw%3D%3D"; VariantName = "[No Variations]"
Added Component: Designator=IC?(SON65P300X300X100-9N-D)
Add component (AddParameter): Name = "Arrow Part Number"; Value = "MCP2542FD-E/MF"; VariantName = "[No Variations]"
Add component (AddParameter): Name = "Arrow Price/Stock"; Value = "https://www.arrow.com/en/products/mcp2542fd-emf/microchip-technology?region=nac"; VariantName = "[No Variations]"
Add component (AddParameter): Name = "Datasheet Link"; Value = "http://ww1.microchip.com/downloads/en/devicedoc/20005514a.pdf"; VariantName = "[No Variations]"
Add component (AddParameter): Name = "Height"; Value = "1mm"; VariantName = "[No Variations]"
Add component (AddParameter): Name = "Manufacturer_Name"; Value = "Microchip"; VariantName = "[No Variations]"
Add component (AddParameter): Name = "Manufacturer_Part_Number"; Value = "MCP2542FD-E/MF"; VariantName = "[No Variations]"
Add component (AddParameter): Name = "Mouser Part Number"; Value = "579-MCP2542FD-E/MF"; VariantName = "[No Variations]"
Add component (AddParameter): Name = "Mouser Price/Stock"; Value = "https://www.mouser.co.uk/ProductDetail/Microchip-Technology-Atmel/MCP2542FD-E-MF?qs=l7cgNqFNU1jog4BwTzULBw%3D%3D"; VariantName = "[No Variations]"
Added Component: Designator=J?(CONN26_6473423-1_TEC)
Add component (AddParameter): Name = "Arrow Part Number"; Value = ""; VariantName = "[No Variations]"
Add component (AddParameter): Name = "Arrow Price/Stock"; Value = ""; VariantName = "[No Variations]"
Add component (AddParameter): Name = "Datasheet Link"; Value = "https://www.te.com/commerce/DocumentDelivery/DDEController?Action=showdoc&DocId=Customer+Drawing%7F9-1437287-8%7FA1%7Fpdf%7FEnglish%7FENG_CD_9-1437287-8_A1.pdf%7F6473423-1"; VariantName = "[No Variations]"
Add component (AddParameter): Name = "Height"; Value = "27.9mm"; VariantName = "[No Variations]"
Add component (AddParameter): Name = "Manufacturer_Name"; Value = "TE Connectivity"; VariantName = "[No Variations]"
Add component (AddParameter): Name = "Manufacturer_Part_Number"; Value = "6473423-1"; VariantName = "[No Variations]"
Add component (AddParameter): Name = "Mouser Part Number"; Value = "571-6473423-1"; VariantName = "[No Variations]"
Add component (AddParameter): Name = "Mouser Price/Stock"; Value = "https://www.mouser.co.uk/ProductDetail/TE-Connectivity/6473423-1?qs=XhI5AayaxxW9FyxB9N39mQ%3D%3D"; VariantName = "[No Variations]"
Add component (AddParameter): Name = "Mouser Testing Part Number"; Value = ""; VariantName = "[No Variations]"
Add component (AddParameter): Name = "Mouser Testing Price/Stock"; Value = ""; VariantName = "[No Variations]"
Added Component: Designator=J?(21992303)
Add component (AddParameter): Name = "Arrow Part Number"; Value = "2199230-3"; VariantName = "[No Variations]"
Add component (AddParameter): Name = "Arrow Price/Stock"; Value = "https://www.arrow.com/en/products/2199230-3/te-connectivity?region=nac"; VariantName = "[No Variations]"
Add component (AddParameter): Name = "Datasheet Link"; Value = "https://componentsearchengine.com/Datasheets/2/2199230-3.pdf"; VariantName = "[No Variations]"
Add component (AddParameter): Name = "Height"; Value = "4.2mm"; VariantName = "[No Variations]"
Add component (AddParameter): Name = "Manufacturer_Name"; Value = "TE Connectivity"; VariantName = "[No Variations]"
Add component (AddParameter): Name = "Manufacturer_Part_Number"; Value = "2199230-3"; VariantName = "[No Variations]"
Add component (AddParameter): Name = "Mouser Part Number"; Value = "571-2199230-3"; VariantName = "[No Variations]"
Add component (AddParameter): Name = "Mouser Price/Stock"; Value = "https://www.mouser.co.uk/ProductDetail/TE-Connectivity/2199230-3?qs=EQCnRgr4b6HElQOKr5ma1Q%3D%3D"; VariantName = "[No Variations]"
Added Component: Designator=PS?(R78E5005)
Add component (AddParameter): Name = "Arrow Part Number"; Value = "R-78E5.0-0.5"; VariantName = "[No Variations]"
Add component (AddParameter): Name = "Arrow Price/Stock"; Value = "https://www.arrow.com/en/products/r-78e5.0-0.5/recom-power?region=europe"; VariantName = "[No Variations]"
Add component (AddParameter): Name = "Datasheet Link"; Value = "https://datasheet.datasheetarchive.com/originals/distributors/Datasheets_SAMA/1560217c2d38d5ce10907af13420fc49.pdf"; VariantName = "[No Variations]"
Add component (AddParameter): Name = "Height"; Value = "10.9mm"; VariantName = "[No Variations]"
Add component (AddParameter): Name = "Manufacturer_Name"; Value = "RECOM Power"; VariantName = "[No Variations]"
Add component (AddParameter): Name = "Manufacturer_Part_Number"; Value = "R-78E5.0-0.5"; VariantName = "[No Variations]"
Add component (AddParameter): Name = "Mouser Part Number"; Value = "919-R-78E5.0-0.5"; VariantName = "[No Variations]"
Add component (AddParameter): Name = "Mouser Price/Stock"; Value = "https://www.mouser.co.uk/ProductDetail/RECOM-Power/R-78E5.0-0.5?qs=JeAkOuORR2UvBuiB2kZVZQ%3D%3D"; VariantName = "[No Variations]"
Added Component: Designator=Q?(SOT93-NMOS)
Add component (AddParameter): Name = "Check_prices"; Value = "https://www.snapeda.com/parts/LND150K1-G/Microchip/view-part/?ref=eda"; VariantName = "[No Variations]"
Add component (AddParameter): Name = "MF"; Value = "Microchip"; VariantName = "[No Variations]"
Add component (AddParameter): Name = "MP"; Value = "LND150K1-G"; VariantName = "[No Variations]"
Add component (AddParameter): Name = "Package"; Value = "SOT-23 Microchip"; VariantName = "[No Variations]"
Add component (AddParameter): Name = "SnapEDA_Link"; Value = "https://www.snapeda.com/parts/LND150K1-G/Microchip/view-part/?ref=snap"; VariantName = "[No Variations]"
Add component (AddParameter): Name = "Value"; Value = ""; VariantName = "[No Variations]"
Added Component: Designator=Q?(SOT93-NMOS)
Add component (AddParameter): Name = "Check_prices"; Value = "https://www.snapeda.com/parts/LND150K1-G/Microchip/view-part/?ref=eda"; VariantName = "[No Variations]"
Add component (AddParameter): Name = "MF"; Value = "Microchip"; VariantName = "[No Variations]"
Add component (AddParameter): Name = "MP"; Value = "LND150K1-G"; VariantName = "[No Variations]"
Add component (AddParameter): Name = "Package"; Value = "SOT-23 Microchip"; VariantName = "[No Variations]"
Add component (AddParameter): Name = "SnapEDA_Link"; Value = "https://www.snapeda.com/parts/LND150K1-G/Microchip/view-part/?ref=snap"; VariantName = "[No Variations]"
Add component (AddParameter): Name = "Value"; Value = ""; VariantName = "[No Variations]"
Added Component: Designator=Q?(SOT93-NMOS)
Add component (AddParameter): Name = "Check_prices"; Value = "https://www.snapeda.com/parts/LND150K1-G/Microchip/view-part/?ref=eda"; VariantName = "[No Variations]"
Add component (AddParameter): Name = "MF"; Value = "Microchip"; VariantName = "[No Variations]"
Add component (AddParameter): Name = "MP"; Value = "LND150K1-G"; VariantName = "[No Variations]"
Add component (AddParameter): Name = "Package"; Value = "SOT-23 Microchip"; VariantName = "[No Variations]"
Add component (AddParameter): Name = "SnapEDA_Link"; Value = "https://www.snapeda.com/parts/LND150K1-G/Microchip/view-part/?ref=snap"; VariantName = "[No Variations]"
Add component (AddParameter): Name = "Value"; Value = ""; VariantName = "[No Variations]"
Added Component: Designator=Q?(SOT93-NMOS)
Add component (AddParameter): Name = "Check_prices"; Value = "https://www.snapeda.com/parts/LND150K1-G/Microchip/view-part/?ref=eda"; VariantName = "[No Variations]"
Add component (AddParameter): Name = "MF"; Value = "Microchip"; VariantName = "[No Variations]"
Add component (AddParameter): Name = "MP"; Value = "LND150K1-G"; VariantName = "[No Variations]"
Add component (AddParameter): Name = "Package"; Value = "SOT-23 Microchip"; VariantName = "[No Variations]"
Add component (AddParameter): Name = "SnapEDA_Link"; Value = "https://www.snapeda.com/parts/LND150K1-G/Microchip/view-part/?ref=snap"; VariantName = "[No Variations]"
Add component (AddParameter): Name = "Value"; Value = ""; VariantName = "[No Variations]"
Added Component: Designator=R?(0805_Resistor)
Add component (AddParameter): Name = "Availability"; Value = "In Stock"; VariantName = "[No Variations]"
Add component (AddParameter): Name = "MF"; Value = "Yageo"; VariantName = "[No Variations]"
Add component (AddParameter): Name = "MP"; Value = "RC0805FR-07910RL"; VariantName = "[No Variations]"
Add component (AddParameter): Name = "Package"; Value = "2012 Rohm Semiconductor"; VariantName = "[No Variations]"
Add component (AddParameter): Name = "Price"; Value = "None"; VariantName = "[No Variations]"
Add component (AddParameter): Name = "Purchase-URL"; Value = "https://pricing.snapeda.com/search/part/RC0805FR-07910RL/?ref=eda"; VariantName = "[No Variations]"
Add component (AddParameter): Name = "Value"; Value = ""; VariantName = "[No Variations]"
Added Component: Designator=R?(0805_Resistor)
Add component (AddParameter): Name = "Availability"; Value = "In Stock"; VariantName = "[No Variations]"
Add component (AddParameter): Name = "MF"; Value = "Yageo"; VariantName = "[No Variations]"
Add component (AddParameter): Name = "MP"; Value = "RC0805FR-07910RL"; VariantName = "[No Variations]"
Add component (AddParameter): Name = "Package"; Value = "2012 Rohm Semiconductor"; VariantName = "[No Variations]"
Add component (AddParameter): Name = "Price"; Value = "None"; VariantName = "[No Variations]"
Add component (AddParameter): Name = "Purchase-URL"; Value = "https://pricing.snapeda.com/search/part/RC0805FR-07910RL/?ref=eda"; VariantName = "[No Variations]"
Add component (AddParameter): Name = "Value"; Value = ""; VariantName = "[No Variations]"
Added Component: Designator=R?(0805_Resistor)
Add component (AddParameter): Name = "Availability"; Value = "In Stock"; VariantName = "[No Variations]"
Add component (AddParameter): Name = "MF"; Value = "Yageo"; VariantName = "[No Variations]"
Add component (AddParameter): Name = "MP"; Value = "RC0805FR-07910RL"; VariantName = "[No Variations]"
Add component (AddParameter): Name = "Package"; Value = "2012 Rohm Semiconductor"; VariantName = "[No Variations]"
Add component (AddParameter): Name = "Price"; Value = "None"; VariantName = "[No Variations]"
Add component (AddParameter): Name = "Purchase-URL"; Value = "https://pricing.snapeda.com/search/part/RC0805FR-07910RL/?ref=eda"; VariantName = "[No Variations]"
Add component (AddParameter): Name = "Value"; Value = ""; VariantName = "[No Variations]"
Added Component: Designator=R?(0805_Resistor)
Add component (AddParameter): Name = "Availability"; Value = "In Stock"; VariantName = "[No Variations]"
Add component (AddParameter): Name = "MF"; Value = "Yageo"; VariantName = "[No Variations]"
Add component (AddParameter): Name = "MP"; Value = "RC0805FR-07910RL"; VariantName = "[No Variations]"
Add component (AddParameter): Name = "Package"; Value = "2012 Rohm Semiconductor"; VariantName = "[No Variations]"
Add component (AddParameter): Name = "Price"; Value = "None"; VariantName = "[No Variations]"
Add component (AddParameter): Name = "Purchase-URL"; Value = "https://pricing.snapeda.com/search/part/RC0805FR-07910RL/?ref=eda"; VariantName = "[No Variations]"
Add component (AddParameter): Name = "Value"; Value = ""; VariantName = "[No Variations]"
Added Component: Designator=R?(0805_Resistor)
Add component (AddParameter): Name = "Availability"; Value = "In Stock"; VariantName = "[No Variations]"
Add component (AddParameter): Name = "MF"; Value = "Yageo"; VariantName = "[No Variations]"
Add component (AddParameter): Name = "MP"; Value = "RC0805FR-07910RL"; VariantName = "[No Variations]"
Add component (AddParameter): Name = "Package"; Value = "2012 Rohm Semiconductor"; VariantName = "[No Variations]"
Add component (AddParameter): Name = "Price"; Value = "None"; VariantName = "[No Variations]"
Add component (AddParameter): Name = "Purchase-URL"; Value = "https://pricing.snapeda.com/search/part/RC0805FR-07910RL/?ref=eda"; VariantName = "[No Variations]"
Add component (AddParameter): Name = "Value"; Value = ""; VariantName = "[No Variations]"
Added Component: Designator=R?(0805_Resistor)
Add component (AddParameter): Name = "Availability"; Value = "In Stock"; VariantName = "[No Variations]"
Add component (AddParameter): Name = "MF"; Value = "Yageo"; VariantName = "[No Variations]"
Add component (AddParameter): Name = "MP"; Value = "RC0805FR-07910RL"; VariantName = "[No Variations]"
Add component (AddParameter): Name = "Package"; Value = "2012 Rohm Semiconductor"; VariantName = "[No Variations]"
Add component (AddParameter): Name = "Price"; Value = "None"; VariantName = "[No Variations]"
Add component (AddParameter): Name = "Purchase-URL"; Value = "https://pricing.snapeda.com/search/part/RC0805FR-07910RL/?ref=eda"; VariantName = "[No Variations]"
Add component (AddParameter): Name = "Value"; Value = ""; VariantName = "[No Variations]"
Added Component: Designator=R?(0805_Resistor)
Add component (AddParameter): Name = "Availability"; Value = "In Stock"; VariantName = "[No Variations]"
Add component (AddParameter): Name = "MF"; Value = "Yageo"; VariantName = "[No Variations]"
Add component (AddParameter): Name = "MP"; Value = "RC0805FR-07910RL"; VariantName = "[No Variations]"
Add component (AddParameter): Name = "Package"; Value = "2012 Rohm Semiconductor"; VariantName = "[No Variations]"
Add component (AddParameter): Name = "Price"; Value = "None"; VariantName = "[No Variations]"
Add component (AddParameter): Name = "Purchase-URL"; Value = "https://pricing.snapeda.com/search/part/RC0805FR-07910RL/?ref=eda"; VariantName = "[No Variations]"
Add component (AddParameter): Name = "Value"; Value = ""; VariantName = "[No Variations]"
Added Component: Designator=R?(0805_Resistor)
Add component (AddParameter): Name = "Availability"; Value = "In Stock"; VariantName = "[No Variations]"
Add component (AddParameter): Name = "MF"; Value = "Yageo"; VariantName = "[No Variations]"
Add component (AddParameter): Name = "MP"; Value = "RC0805FR-07910RL"; VariantName = "[No Variations]"
Add component (AddParameter): Name = "Package"; Value = "2012 Rohm Semiconductor"; VariantName = "[No Variations]"
Add component (AddParameter): Name = "Price"; Value = "None"; VariantName = "[No Variations]"
Add component (AddParameter): Name = "Purchase-URL"; Value = "https://pricing.snapeda.com/search/part/RC0805FR-07910RL/?ref=eda"; VariantName = "[No Variations]"
Add component (AddParameter): Name = "Value"; Value = ""; VariantName = "[No Variations]"
Added Component: Designator=R?(0805_Resistor)
Add component (AddParameter): Name = "Availability"; Value = "In Stock"; VariantName = "[No Variations]"
Add component (AddParameter): Name = "MF"; Value = "Yageo"; VariantName = "[No Variations]"
Add component (AddParameter): Name = "MP"; Value = "RC0805FR-07910RL"; VariantName = "[No Variations]"
Add component (AddParameter): Name = "Package"; Value = "2012 Rohm Semiconductor"; VariantName = "[No Variations]"
Add component (AddParameter): Name = "Price"; Value = "None"; VariantName = "[No Variations]"
Add component (AddParameter): Name = "Purchase-URL"; Value = "https://pricing.snapeda.com/search/part/RC0805FR-07910RL/?ref=eda"; VariantName = "[No Variations]"
Add component (AddParameter): Name = "Value"; Value = ""; VariantName = "[No Variations]"
Added Component: Designator=R?(0805_Resistor)
Add component (AddParameter): Name = "Availability"; Value = "In Stock"; VariantName = "[No Variations]"
Add component (AddParameter): Name = "MF"; Value = "Yageo"; VariantName = "[No Variations]"
Add component (AddParameter): Name = "MP"; Value = "RC0805FR-07910RL"; VariantName = "[No Variations]"
Add component (AddParameter): Name = "Package"; Value = "2012 Rohm Semiconductor"; VariantName = "[No Variations]"
Add component (AddParameter): Name = "Price"; Value = "None"; VariantName = "[No Variations]"
Add component (AddParameter): Name = "Purchase-URL"; Value = "https://pricing.snapeda.com/search/part/RC0805FR-07910RL/?ref=eda"; VariantName = "[No Variations]"
Add component (AddParameter): Name = "Value"; Value = ""; VariantName = "[No Variations]"
Added Component: Designator=R?(0805_Resistor)
Add component (AddParameter): Name = "Availability"; Value = "In Stock"; VariantName = "[No Variations]"
Add component (AddParameter): Name = "MF"; Value = "Yageo"; VariantName = "[No Variations]"
Add component (AddParameter): Name = "MP"; Value = "RC0805FR-07910RL"; VariantName = "[No Variations]"
Add component (AddParameter): Name = "Package"; Value = "2012 Rohm Semiconductor"; VariantName = "[No Variations]"
Add component (AddParameter): Name = "Price"; Value = "None"; VariantName = "[No Variations]"
Add component (AddParameter): Name = "Purchase-URL"; Value = "https://pricing.snapeda.com/search/part/RC0805FR-07910RL/?ref=eda"; VariantName = "[No Variations]"
Add component (AddParameter): Name = "Value"; Value = ""; VariantName = "[No Variations]"
Added Component: Designator=R?(0805_Resistor)
Add component (AddParameter): Name = "Availability"; Value = "In Stock"; VariantName = "[No Variations]"
Add component (AddParameter): Name = "MF"; Value = "Yageo"; VariantName = "[No Variations]"
Add component (AddParameter): Name = "MP"; Value = "RC0805FR-07910RL"; VariantName = "[No Variations]"
Add component (AddParameter): Name = "Package"; Value = "2012 Rohm Semiconductor"; VariantName = "[No Variations]"
Add component (AddParameter): Name = "Price"; Value = "None"; VariantName = "[No Variations]"
Add component (AddParameter): Name = "Purchase-URL"; Value = "https://pricing.snapeda.com/search/part/RC0805FR-07910RL/?ref=eda"; VariantName = "[No Variations]"
Add component (AddParameter): Name = "Value"; Value = ""; VariantName = "[No Variations]"
Added Component: Designator=R?(0805_Resistor)
Add component (AddParameter): Name = "Availability"; Value = "In Stock"; VariantName = "[No Variations]"
Add component (AddParameter): Name = "MF"; Value = "Yageo"; VariantName = "[No Variations]"
Add component (AddParameter): Name = "MP"; Value = "RC0805FR-07910RL"; VariantName = "[No Variations]"
Add component (AddParameter): Name = "Package"; Value = "2012 Rohm Semiconductor"; VariantName = "[No Variations]"
Add component (AddParameter): Name = "Price"; Value = "None"; VariantName = "[No Variations]"
Add component (AddParameter): Name = "Purchase-URL"; Value = "https://pricing.snapeda.com/search/part/RC0805FR-07910RL/?ref=eda"; VariantName = "[No Variations]"
Add component (AddParameter): Name = "Value"; Value = ""; VariantName = "[No Variations]"
Added Component: Designator=R?(0805_Resistor)
Add component (AddParameter): Name = "Availability"; Value = "In Stock"; VariantName = "[No Variations]"
Add component (AddParameter): Name = "MF"; Value = "Yageo"; VariantName = "[No Variations]"
Add component (AddParameter): Name = "MP"; Value = "RC0805FR-07910RL"; VariantName = "[No Variations]"
Add component (AddParameter): Name = "Package"; Value = "2012 Rohm Semiconductor"; VariantName = "[No Variations]"
Add component (AddParameter): Name = "Price"; Value = "None"; VariantName = "[No Variations]"
Add component (AddParameter): Name = "Purchase-URL"; Value = "https://pricing.snapeda.com/search/part/RC0805FR-07910RL/?ref=eda"; VariantName = "[No Variations]"
Add component (AddParameter): Name = "Value"; Value = ""; VariantName = "[No Variations]"
Added Component: Designator=R?(0805_Resistor)
Add component (AddParameter): Name = "Availability"; Value = "In Stock"; VariantName = "[No Variations]"
Add component (AddParameter): Name = "MF"; Value = "Yageo"; VariantName = "[No Variations]"
Add component (AddParameter): Name = "MP"; Value = "RC0805FR-07910RL"; VariantName = "[No Variations]"
Add component (AddParameter): Name = "Package"; Value = "2012 Rohm Semiconductor"; VariantName = "[No Variations]"
Add component (AddParameter): Name = "Price"; Value = "None"; VariantName = "[No Variations]"
Add component (AddParameter): Name = "Purchase-URL"; Value = "https://pricing.snapeda.com/search/part/RC0805FR-07910RL/?ref=eda"; VariantName = "[No Variations]"
Add component (AddParameter): Name = "Value"; Value = ""; VariantName = "[No Variations]"
Added Component: Designator=R?(0805_Resistor)
Add component (AddParameter): Name = "Availability"; Value = "In Stock"; VariantName = "[No Variations]"
Add component (AddParameter): Name = "MF"; Value = "Yageo"; VariantName = "[No Variations]"
Add component (AddParameter): Name = "MP"; Value = "RC0805FR-07910RL"; VariantName = "[No Variations]"
Add component (AddParameter): Name = "Package"; Value = "2012 Rohm Semiconductor"; VariantName = "[No Variations]"
Add component (AddParameter): Name = "Price"; Value = "None"; VariantName = "[No Variations]"
Add component (AddParameter): Name = "Purchase-URL"; Value = "https://pricing.snapeda.com/search/part/RC0805FR-07910RL/?ref=eda"; VariantName = "[No Variations]"
Add component (AddParameter): Name = "Value"; Value = ""; VariantName = "[No Variations]"
Added Component: Designator=R?(0805_Resistor)
Add component (AddParameter): Name = "Availability"; Value = "In Stock"; VariantName = "[No Variations]"
Add component (AddParameter): Name = "MF"; Value = "Yageo"; VariantName = "[No Variations]"
Add component (AddParameter): Name = "MP"; Value = "RC0805FR-07910RL"; VariantName = "[No Variations]"
Add component (AddParameter): Name = "Package"; Value = "2012 Rohm Semiconductor"; VariantName = "[No Variations]"
Add component (AddParameter): Name = "Price"; Value = "None"; VariantName = "[No Variations]"
Add component (AddParameter): Name = "Purchase-URL"; Value = "https://pricing.snapeda.com/search/part/RC0805FR-07910RL/?ref=eda"; VariantName = "[No Variations]"
Add component (AddParameter): Name = "Value"; Value = ""; VariantName = "[No Variations]"
Added Component: Designator=R?(0805_Resistor)
Add component (AddParameter): Name = "Availability"; Value = "In Stock"; VariantName = "[No Variations]"
Add component (AddParameter): Name = "MF"; Value = "Yageo"; VariantName = "[No Variations]"
Add component (AddParameter): Name = "MP"; Value = "RC0805FR-07910RL"; VariantName = "[No Variations]"
Add component (AddParameter): Name = "Package"; Value = "2012 Rohm Semiconductor"; VariantName = "[No Variations]"
Add component (AddParameter): Name = "Price"; Value = "None"; VariantName = "[No Variations]"
Add component (AddParameter): Name = "Purchase-URL"; Value = "https://pricing.snapeda.com/search/part/RC0805FR-07910RL/?ref=eda"; VariantName = "[No Variations]"
Add component (AddParameter): Name = "Value"; Value = ""; VariantName = "[No Variations]"
Added Component: Designator=R?(0805_Resistor)
Add component (AddParameter): Name = "Availability"; Value = "In Stock"; VariantName = "[No Variations]"
Add component (AddParameter): Name = "MF"; Value = "Yageo"; VariantName = "[No Variations]"
Add component (AddParameter): Name = "MP"; Value = "RC0805FR-07910RL"; VariantName = "[No Variations]"
Add component (AddParameter): Name = "Package"; Value = "2012 Rohm Semiconductor"; VariantName = "[No Variations]"
Add component (AddParameter): Name = "Price"; Value = "None"; VariantName = "[No Variations]"
Add component (AddParameter): Name = "Purchase-URL"; Value = "https://pricing.snapeda.com/search/part/RC0805FR-07910RL/?ref=eda"; VariantName = "[No Variations]"
Add component (AddParameter): Name = "Value"; Value = ""; VariantName = "[No Variations]"
Added Component: Designator=R?(0805_Resistor)
Add component (AddParameter): Name = "Availability"; Value = "In Stock"; VariantName = "[No Variations]"
Add component (AddParameter): Name = "MF"; Value = "Yageo"; VariantName = "[No Variations]"
Add component (AddParameter): Name = "MP"; Value = "RC0805FR-07910RL"; VariantName = "[No Variations]"
Add component (AddParameter): Name = "Package"; Value = "2012 Rohm Semiconductor"; VariantName = "[No Variations]"
Add component (AddParameter): Name = "Price"; Value = "None"; VariantName = "[No Variations]"
Add component (AddParameter): Name = "Purchase-URL"; Value = "https://pricing.snapeda.com/search/part/RC0805FR-07910RL/?ref=eda"; VariantName = "[No Variations]"
Add component (AddParameter): Name = "Value"; Value = ""; VariantName = "[No Variations]"
Added Component: Designator=R?(0805_Resistor)
Add component (AddParameter): Name = "Availability"; Value = "In Stock"; VariantName = "[No Variations]"
Add component (AddParameter): Name = "MF"; Value = "Yageo"; VariantName = "[No Variations]"
Add component (AddParameter): Name = "MP"; Value = "RC0805FR-07910RL"; VariantName = "[No Variations]"
Add component (AddParameter): Name = "Package"; Value = "2012 Rohm Semiconductor"; VariantName = "[No Variations]"
Add component (AddParameter): Name = "Price"; Value = "None"; VariantName = "[No Variations]"
Add component (AddParameter): Name = "Purchase-URL"; Value = "https://pricing.snapeda.com/search/part/RC0805FR-07910RL/?ref=eda"; VariantName = "[No Variations]"
Add component (AddParameter): Name = "Value"; Value = ""; VariantName = "[No Variations]"
Added Component: Designator=R?(0805_Resistor)
Add component (AddParameter): Name = "Availability"; Value = "In Stock"; VariantName = "[No Variations]"
Add component (AddParameter): Name = "MF"; Value = "Yageo"; VariantName = "[No Variations]"
Add component (AddParameter): Name = "MP"; Value = "RC0805FR-07910RL"; VariantName = "[No Variations]"
Add component (AddParameter): Name = "Package"; Value = "2012 Rohm Semiconductor"; VariantName = "[No Variations]"
Add component (AddParameter): Name = "Price"; Value = "None"; VariantName = "[No Variations]"
Add component (AddParameter): Name = "Purchase-URL"; Value = "https://pricing.snapeda.com/search/part/RC0805FR-07910RL/?ref=eda"; VariantName = "[No Variations]"
Add component (AddParameter): Name = "Value"; Value = ""; VariantName = "[No Variations]"
Added Component: Designator=R?(0805_Resistor)
Add component (AddParameter): Name = "Availability"; Value = "In Stock"; VariantName = "[No Variations]"
Add component (AddParameter): Name = "MF"; Value = "Yageo"; VariantName = "[No Variations]"
Add component (AddParameter): Name = "MP"; Value = "RC0805FR-07910RL"; VariantName = "[No Variations]"
Add component (AddParameter): Name = "Package"; Value = "2012 Rohm Semiconductor"; VariantName = "[No Variations]"
Add component (AddParameter): Name = "Price"; Value = "None"; VariantName = "[No Variations]"
Add component (AddParameter): Name = "Purchase-URL"; Value = "https://pricing.snapeda.com/search/part/RC0805FR-07910RL/?ref=eda"; VariantName = "[No Variations]"
Add component (AddParameter): Name = "Value"; Value = ""; VariantName = "[No Variations]"
Added Component: Designator=R?(0805_Resistor)
Add component (AddParameter): Name = "Availability"; Value = "In Stock"; VariantName = "[No Variations]"
Add component (AddParameter): Name = "MF"; Value = "Yageo"; VariantName = "[No Variations]"
Add component (AddParameter): Name = "MP"; Value = "RC0805FR-07910RL"; VariantName = "[No Variations]"
Add component (AddParameter): Name = "Package"; Value = "2012 Rohm Semiconductor"; VariantName = "[No Variations]"
Add component (AddParameter): Name = "Price"; Value = "None"; VariantName = "[No Variations]"
Add component (AddParameter): Name = "Purchase-URL"; Value = "https://pricing.snapeda.com/search/part/RC0805FR-07910RL/?ref=eda"; VariantName = "[No Variations]"
Add component (AddParameter): Name = "Value"; Value = ""; VariantName = "[No Variations]"
Added Component: Designator=R?(0805_Resistor)
Add component (AddParameter): Name = "Availability"; Value = "In Stock"; VariantName = "[No Variations]"
Add component (AddParameter): Name = "MF"; Value = "Yageo"; VariantName = "[No Variations]"
Add component (AddParameter): Name = "MP"; Value = "RC0805FR-07910RL"; VariantName = "[No Variations]"
Add component (AddParameter): Name = "Package"; Value = "2012 Rohm Semiconductor"; VariantName = "[No Variations]"
Add component (AddParameter): Name = "Price"; Value = "None"; VariantName = "[No Variations]"
Add component (AddParameter): Name = "Purchase-URL"; Value = "https://pricing.snapeda.com/search/part/RC0805FR-07910RL/?ref=eda"; VariantName = "[No Variations]"
Add component (AddParameter): Name = "Value"; Value = ""; VariantName = "[No Variations]"
Added Component: Designator=R?(0805_Resistor)
Add component (AddParameter): Name = "Availability"; Value = "In Stock"; VariantName = "[No Variations]"
Add component (AddParameter): Name = "MF"; Value = "Yageo"; VariantName = "[No Variations]"
Add component (AddParameter): Name = "MP"; Value = "RC0805FR-07910RL"; VariantName = "[No Variations]"
Add component (AddParameter): Name = "Package"; Value = "2012 Rohm Semiconductor"; VariantName = "[No Variations]"
Add component (AddParameter): Name = "Price"; Value = "None"; VariantName = "[No Variations]"
Add component (AddParameter): Name = "Purchase-URL"; Value = "https://pricing.snapeda.com/search/part/RC0805FR-07910RL/?ref=eda"; VariantName = "[No Variations]"
Add component (AddParameter): Name = "Value"; Value = ""; VariantName = "[No Variations]"
Added Component: Designator=R?(0805_Resistor)
Add component (AddParameter): Name = "Availability"; Value = "In Stock"; VariantName = "[No Variations]"
Add component (AddParameter): Name = "MF"; Value = "Yageo"; VariantName = "[No Variations]"
Add component (AddParameter): Name = "MP"; Value = "RC0805FR-07910RL"; VariantName = "[No Variations]"
Add component (AddParameter): Name = "Package"; Value = "2012 Rohm Semiconductor"; VariantName = "[No Variations]"
Add component (AddParameter): Name = "Price"; Value = "None"; VariantName = "[No Variations]"
Add component (AddParameter): Name = "Purchase-URL"; Value = "https://pricing.snapeda.com/search/part/RC0805FR-07910RL/?ref=eda"; VariantName = "[No Variations]"
Add component (AddParameter): Name = "Value"; Value = ""; VariantName = "[No Variations]"
Added Component: Designator=R?(0805_Resistor)
Add component (AddParameter): Name = "Availability"; Value = "In Stock"; VariantName = "[No Variations]"
Add component (AddParameter): Name = "MF"; Value = "Yageo"; VariantName = "[No Variations]"
Add component (AddParameter): Name = "MP"; Value = "RC0805FR-07910RL"; VariantName = "[No Variations]"
Add component (AddParameter): Name = "Package"; Value = "2012 Rohm Semiconductor"; VariantName = "[No Variations]"
Add component (AddParameter): Name = "Price"; Value = "None"; VariantName = "[No Variations]"
Add component (AddParameter): Name = "Purchase-URL"; Value = "https://pricing.snapeda.com/search/part/RC0805FR-07910RL/?ref=eda"; VariantName = "[No Variations]"
Add component (AddParameter): Name = "Value"; Value = ""; VariantName = "[No Variations]"
Added Pin To Net: NetName=+3V3 Pin=C?-2
Added Pin To Net: NetName=+3V3 Pin=C?-2
Added Pin To Net: NetName=+3V3 Pin=C?-2
Added Pin To Net: NetName=+3V3 Pin=IC?-3
Added Pin To Net: NetName=+3V3 Pin=IC?-5
Added Pin To Net: NetName=+3V3 Pin=IC?-5
Added Pin To Net: NetName=+3V3 Pin=R?-1
Added Pin To Net: NetName=+3V3 Pin=R?-1
Added Pin To Net: NetName=+3V3 Pin=R?-1
Added Pin To Net: NetName=+3V3 Pin=R?-1
Added Pin To Net: NetName=+3V3 Pin=R?-2
Added Pin To Net: NetName=+3V3 Pin=R?-2
Added Pin To Net: NetName=+3V3 Pin=R?-2
Added Pin To Net: NetName=+3V3 Pin=R?-2
Added Pin To Net: NetName=+3V3 Pin=R?-2
Added Pin To Net: NetName=+3V3 Pin=R?-2
Added Net: Name=+3V3
Added Pin To Net: NetName=+5 Pin=C?-1
Added Pin To Net: NetName=+5 Pin=C?-2
Added Pin To Net: NetName=+5 Pin=C?-2
Added Pin To Net: NetName=+5 Pin=IC?-3
Added Pin To Net: NetName=+5 Pin=IC?-3
Added Pin To Net: NetName=+5 Pin=J?-1
Added Pin To Net: NetName=+5 Pin=J?-3
Added Pin To Net: NetName=+5 Pin=J?-24
Added Pin To Net: NetName=+5 Pin=J?-25
Added Pin To Net: NetName=+5 Pin=PS?-3
Added Pin To Net: NetName=+5 Pin=R?-1
Added Pin To Net: NetName=+5 Pin=R?-1
Added Net: Name=+5
Added Pin To Net: NetName=+24 Pin=C?-1
Added Pin To Net: NetName=+24 Pin=C?-1
Added Pin To Net: NetName=+24 Pin=IC?-1
Added Pin To Net: NetName=+24 Pin=J?-1
Added Pin To Net: NetName=+24 Pin=PS?-1
Added Pin To Net: NetName=+24 Pin=R?-1
Added Pin To Net: NetName=+24 Pin=R?-1
Added Net: Name=+24
Added Pin To Net: NetName=GND Pin=C?-1
Added Pin To Net: NetName=GND Pin=C?-1
Added Pin To Net: NetName=GND Pin=C?-1
Added Pin To Net: NetName=GND Pin=C?-1
Added Pin To Net: NetName=GND Pin=C?-1
Added Pin To Net: NetName=GND Pin=C?-2
Added Pin To Net: NetName=GND Pin=C?-2
Added Pin To Net: NetName=GND Pin=C?-2
Added Pin To Net: NetName=GND Pin=C?-2
Added Pin To Net: NetName=GND Pin=C?-2
Added Pin To Net: NetName=GND Pin=C?-2
Added Pin To Net: NetName=GND Pin=C?-2
Added Pin To Net: NetName=GND Pin=C?-2
Added Pin To Net: NetName=GND Pin=C?-2
Added Pin To Net: NetName=GND Pin=IC?-2
Added Pin To Net: NetName=GND Pin=IC?-2
Added Pin To Net: NetName=GND Pin=IC?-2
Added Pin To Net: NetName=GND Pin=IC?-4
Added Pin To Net: NetName=GND Pin=IC?-8
Added Pin To Net: NetName=GND Pin=IC?-8
Added Pin To Net: NetName=GND Pin=IC?-9
Added Pin To Net: NetName=GND Pin=IC?-9
Added Pin To Net: NetName=GND Pin=J?-2
Added Pin To Net: NetName=GND Pin=J?-2
Added Pin To Net: NetName=GND Pin=J?-5
Added Pin To Net: NetName=GND Pin=J?-8
Added Pin To Net: NetName=GND Pin=J?-11
Added Pin To Net: NetName=GND Pin=J?-12
Added Pin To Net: NetName=GND Pin=J?-15
Added Pin To Net: NetName=GND Pin=J?-20
Added Pin To Net: NetName=GND Pin=J?-21
Added Pin To Net: NetName=GND Pin=J?-23
Added Pin To Net: NetName=GND Pin=J?-26
Added Pin To Net: NetName=GND Pin=J?-26
Added Pin To Net: NetName=GND Pin=J?-27
Added Pin To Net: NetName=GND Pin=J?-32
Added Pin To Net: NetName=GND Pin=J?-33
Added Pin To Net: NetName=GND Pin=J?-38
Added Pin To Net: NetName=GND Pin=J?-39
Added Pin To Net: NetName=GND Pin=J?-44
Added Pin To Net: NetName=GND Pin=J?-45
Added Pin To Net: NetName=GND Pin=J?-50
Added Pin To Net: NetName=GND Pin=J?-51
Added Pin To Net: NetName=GND Pin=J?-56
Added Pin To Net: NetName=GND Pin=J?-57
Added Pin To Net: NetName=GND Pin=J?-62
Added Pin To Net: NetName=GND Pin=J?-63
Added Pin To Net: NetName=GND Pin=J?-68
Added Pin To Net: NetName=GND Pin=J?-69
Added Pin To Net: NetName=GND Pin=J?-74
Added Pin To Net: NetName=GND Pin=J?-75
Added Pin To Net: NetName=GND Pin=J?-MP1
Added Pin To Net: NetName=GND Pin=PS?-2
Added Pin To Net: NetName=GND Pin=Q?-3
Added Pin To Net: NetName=GND Pin=Q?-3
Added Pin To Net: NetName=GND Pin=Q?-3
Added Pin To Net: NetName=GND Pin=Q?-3
Added Pin To Net: NetName=GND Pin=R?-2
Added Pin To Net: NetName=GND Pin=R?-2
Added Pin To Net: NetName=GND Pin=R?-2
Added Pin To Net: NetName=GND Pin=R?-2
Added Net: Name=GND
Added Pin To Net: NetName=NetC?_1 Pin=C?-1
Added Pin To Net: NetName=NetC?_1 Pin=J?-6
Added Pin To Net: NetName=NetC?_1 Pin=R?-1
Added Pin To Net: NetName=NetC?_1 Pin=R?-2
Added Net: Name=NetC?_1
Add Net: Net with name "NetC?_1" already exists
Add Net: Net with name "NetC?_1" already exists
Add Net: Net with name "NetC?_1" already exists
Add Net: Net with name "NetC?_1" already exists
Add Net: Net with name "NetC?_1" already exists
Added Pin To Net: NetName=NetIC?_1 Pin=IC?-1
Added Pin To Net: NetName=NetIC?_1 Pin=J?-47
Added Net: Name=NetIC?_1
Add Net: Net with name "NetIC?_1" already exists
Added Pin To Net: NetName=NetIC?_4 Pin=IC?-4
Added Pin To Net: NetName=NetIC?_4 Pin=J?-53
Added Net: Name=NetIC?_4
Add Net: Net with name "NetIC?_4" already exists
Added Pin To Net: NetName=NetIC?_6 Pin=IC?-6
Added Pin To Net: NetName=NetIC?_6 Pin=J?-11
Added Net: Name=NetIC?_6
Add Net: Net with name "NetIC?_6" already exists
Added Pin To Net: NetName=NetIC?_7 Pin=IC?-7
Added Pin To Net: NetName=NetIC?_7 Pin=J?-13
Added Net: Name=NetIC?_7
Add Net: Net with name "NetIC?_7" already exists
Added Pin To Net: NetName=NetJ?_3 Pin=J?-3
Added Pin To Net: NetName=NetJ?_3 Pin=R?-1
Added Pin To Net: NetName=NetJ?_3 Pin=R?-2
Added Net: Name=NetJ?_3
Added Pin To Net: NetName=NetJ?_4 Pin=J?-4
Added Pin To Net: NetName=NetJ?_4 Pin=R?-1
Added Pin To Net: NetName=NetJ?_4 Pin=R?-2
Added Net: Name=NetJ?_4
Added Pin To Net: NetName=NetJ?_5 Pin=J?-5
Added Pin To Net: NetName=NetJ?_5 Pin=R?-1
Added Net: Name=NetJ?_5
Added Pin To Net: NetName=NetJ?_6 Pin=J?-6
Added Pin To Net: NetName=NetJ?_6 Pin=R?-1
Added Net: Name=NetJ?_6
Added Pin To Net: NetName=NetJ?_7 Pin=J?-7
Added Pin To Net: NetName=NetJ?_7 Pin=R?-1
Added Net: Name=NetJ?_7
Added Pin To Net: NetName=NetJ?_8 Pin=J?-8
Added Pin To Net: NetName=NetJ?_8 Pin=R?-1
Added Net: Name=NetJ?_8
Added Pin To Net: NetName=NetJ?_9 Pin=J?-9
Added Pin To Net: NetName=NetJ?_9 Pin=R?-1
Added Net: Name=NetJ?_9
Added Pin To Net: NetName=NetJ?_16 Pin=J?-16
Added Pin To Net: NetName=NetJ?_16 Pin=R?-1
Added Net: Name=NetJ?_16
Added Pin To Net: NetName=NetJ?_17 Pin=J?-17
Added Pin To Net: NetName=NetJ?_17 Pin=Q?-2
Added Pin To Net: NetName=NetJ?_17 Pin=R?-2
Added Pin To Net: NetName=NetJ?_17 Pin=R?-2
Added Pin To Net: NetName=NetJ?_17 Pin=R?-2
Added Net: Name=NetJ?_17
Added Pin To Net: NetName=NetJ?_18 Pin=J?-18
Added Pin To Net: NetName=NetJ?_18 Pin=Q?-2
Added Pin To Net: NetName=NetJ?_18 Pin=R?-2
Added Pin To Net: NetName=NetJ?_18 Pin=R?-2
Added Pin To Net: NetName=NetJ?_18 Pin=R?-2
Added Net: Name=NetJ?_18
Added Pin To Net: NetName=NetJ?_19 Pin=J?-19
Added Pin To Net: NetName=NetJ?_19 Pin=J?-40
Added Net: Name=NetJ?_19
Added Pin To Net: NetName=NetJ?_20 Pin=J?-20
Added Pin To Net: NetName=NetJ?_20 Pin=J?-42
Added Net: Name=NetJ?_20
Added Pin To Net: NetName=NetJ?_21 Pin=J?-21
Added Pin To Net: NetName=NetJ?_21 Pin=J?-30
Added Net: Name=NetJ?_21
Added Pin To Net: NetName=NetJ?_22 Pin=J?-22
Added Pin To Net: NetName=NetJ?_22 Pin=J?-34
Added Net: Name=NetJ?_22
Add Net: Net with name "NetJ?_22" already exists
Added Pin To Net: NetName=NetJ?_24 Pin=J?-24
Added Pin To Net: NetName=NetJ?_24 Pin=Q?-2
Added Pin To Net: NetName=NetJ?_24 Pin=R?-2
Added Net: Name=NetJ?_24
Added Pin To Net: NetName=NetJ?_28 Pin=J?-28
Added Pin To Net: NetName=NetJ?_28 Pin=Q?-2
Added Pin To Net: NetName=NetJ?_28 Pin=R?-2
Added Net: Name=NetJ?_28
Added Pin To Net: NetName=NetJ?_36 Pin=J?-36
Added Net: Name=NetJ?_36
Added Pin To Net: NetName=NetJ?_43 Pin=J?-43
Added Pin To Net: NetName=NetJ?_43 Pin=R?-1
Added Pin To Net: NetName=NetJ?_43 Pin=R?-2
Added Net: Name=NetJ?_43
Added Pin To Net: NetName=NetJ?_48 Pin=J?-48
Added Pin To Net: NetName=NetJ?_48 Pin=R?-1
Added Pin To Net: NetName=NetJ?_48 Pin=R?-2
Added Net: Name=NetJ?_48
Added Pin To Net: NetName=NetQ?_1 Pin=Q?-1
Added Pin To Net: NetName=NetQ?_1 Pin=R?-1
Added Net: Name=NetQ?_1
Add Net: Net with name "NetQ?_1" already exists
Add Net: Net with name "NetQ?_1" already exists
Add Net: Net with name "NetQ?_1" already exists
Added Class: Name=Analog_Circuit_1
Added Class: Name=Analog_Circuit
Added Class: Name=Communication
Added Class: Name=Dynamics_Sch
