Removed Pin From Net: NetName=NetJ2_43 Pin=R20-2
Removed Pin From Net: NetName=NetJ2_43 Pin=R21-1
Removed Pin From Net: NetName=GND Pin=R21-2
Removed Pin From Net: NetName=NetJ2_48 Pin=R27-2
Removed Pin From Net: NetName=NetJ2_48 Pin=R28-1
Removed Pin From Net: NetName=GND Pin=R28-2
Removed Member From Class: ClassName=Analog_Circuit_1 Member=R28
Added Component: Designator=MTH1(Mounting_Hole_3.5mm)
Added Component: Designator=MTH2(Mounting_Hole_3.5mm)
Added Component: Designator=MTH3(Mounting_Hole_3.5mm)
Added Component: Designator=MTH4(Mounting_Hole_3.5mm)
Added Component: Designator=R23(0805_Resistor)
Add component (AddParameter): Name = "Availability"; Value = "In Stock"; VariantName = "[No Variations]"
Add component (AddParameter): Name = "MF"; Value = "Yageo"; VariantName = "[No Variations]"
Add component (AddParameter): Name = "MP"; Value = "RC0805FR-07910RL"; VariantName = "[No Variations]"
Add component (AddParameter): Name = "Package"; Value = "2012 Rohm Semiconductor"; VariantName = "[No Variations]"
Add component (AddParameter): Name = "Price"; Value = "None"; VariantName = "[No Variations]"
Add component (AddParameter): Name = "Purchase-URL"; Value = "https://pricing.snapeda.com/search/part/RC0805FR-07910RL/?ref=eda"; VariantName = "[No Variations]"
Add component (AddParameter): Name = "Value"; Value = ""; VariantName = "[No Variations]"
Added Component: Designator=R24(0805_Resistor)
Add component (AddParameter): Name = "Availability"; Value = "In Stock"; VariantName = "[No Variations]"
Add component (AddParameter): Name = "MF"; Value = "Yageo"; VariantName = "[No Variations]"
Add component (AddParameter): Name = "MP"; Value = "RC0805FR-07910RL"; VariantName = "[No Variations]"
Add component (AddParameter): Name = "Package"; Value = "2012 Rohm Semiconductor"; VariantName = "[No Variations]"
Add component (AddParameter): Name = "Price"; Value = "None"; VariantName = "[No Variations]"
Add component (AddParameter): Name = "Purchase-URL"; Value = "https://pricing.snapeda.com/search/part/RC0805FR-07910RL/?ref=eda"; VariantName = "[No Variations]"
Add component (AddParameter): Name = "Value"; Value = ""; VariantName = "[No Variations]"
Added Component: Designator=R30(0805_Resistor)
Add component (AddParameter): Name = "Availability"; Value = "In Stock"; VariantName = "[No Variations]"
Add component (AddParameter): Name = "MF"; Value = "Yageo"; VariantName = "[No Variations]"
Add component (AddParameter): Name = "MP"; Value = "RC0805FR-07910RL"; VariantName = "[No Variations]"
Add component (AddParameter): Name = "Package"; Value = "2012 Rohm Semiconductor"; VariantName = "[No Variations]"
Add component (AddParameter): Name = "Price"; Value = "None"; VariantName = "[No Variations]"
Add component (AddParameter): Name = "Purchase-URL"; Value = "https://pricing.snapeda.com/search/part/RC0805FR-07910RL/?ref=eda"; VariantName = "[No Variations]"
Add component (AddParameter): Name = "Value"; Value = ""; VariantName = "[No Variations]"
Added Component: Designator=R32(0805_Resistor)
Add component (AddParameter): Name = "Availability"; Value = "In Stock"; VariantName = "[No Variations]"
Add component (AddParameter): Name = "MF"; Value = "Yageo"; VariantName = "[No Variations]"
Add component (AddParameter): Name = "MP"; Value = "RC0805FR-07910RL"; VariantName = "[No Variations]"
Add component (AddParameter): Name = "Package"; Value = "2012 Rohm Semiconductor"; VariantName = "[No Variations]"
Add component (AddParameter): Name = "Price"; Value = "None"; VariantName = "[No Variations]"
Add component (AddParameter): Name = "Purchase-URL"; Value = "https://pricing.snapeda.com/search/part/RC0805FR-07910RL/?ref=eda"; VariantName = "[No Variations]"
Add component (AddParameter): Name = "Value"; Value = ""; VariantName = "[No Variations]"
Added Component: Designator=R33(0805_Resistor)
Add component (AddParameter): Name = "Availability"; Value = "In Stock"; VariantName = "[No Variations]"
Add component (AddParameter): Name = "MF"; Value = "Yageo"; VariantName = "[No Variations]"
Add component (AddParameter): Name = "MP"; Value = "RC0805FR-07910RL"; VariantName = "[No Variations]"
Add component (AddParameter): Name = "Package"; Value = "2012 Rohm Semiconductor"; VariantName = "[No Variations]"
Add component (AddParameter): Name = "Price"; Value = "None"; VariantName = "[No Variations]"
Add component (AddParameter): Name = "Purchase-URL"; Value = "https://pricing.snapeda.com/search/part/RC0805FR-07910RL/?ref=eda"; VariantName = "[No Variations]"
Add component (AddParameter): Name = "Value"; Value = ""; VariantName = "[No Variations]"
Added Component: Designator=T1(Pin_header_2)
Added Component: Designator=T2(SOT23)
Add component (AddParameter): Name = "Availability"; Value = "Unavailable"; VariantName = "[No Variations]"
Add component (AddParameter): Name = "MF"; Value = ""; VariantName = "[No Variations]"
Add component (AddParameter): Name = "MP"; Value = "BC847"; VariantName = "[No Variations]"
Add component (AddParameter): Name = "Package"; Value = "None"; VariantName = "[No Variations]"
Add component (AddParameter): Name = "Price"; Value = "None"; VariantName = "[No Variations]"
Add component (AddParameter): Name = "Value"; Value = ""; VariantName = "[No Variations]"
Added Component: Designator=T3(SOT23)
Add component (AddParameter): Name = "Availability"; Value = "Unavailable"; VariantName = "[No Variations]"
Add component (AddParameter): Name = "MF"; Value = ""; VariantName = "[No Variations]"
Add component (AddParameter): Name = "MP"; Value = "BC847"; VariantName = "[No Variations]"
Add component (AddParameter): Name = "Package"; Value = "None"; VariantName = "[No Variations]"
Add component (AddParameter): Name = "Price"; Value = "None"; VariantName = "[No Variations]"
Add component (AddParameter): Name = "Value"; Value = ""; VariantName = "[No Variations]"
Added Pin To Net: NetName=+24 Pin=R21-2
Added Pin To Net: NetName=NetJ2_43 Pin=R23-2
Added Pin To Net: NetName=GND Pin=R24-1
Added Pin To Net: NetName=NetJ2_43 Pin=R24-2
Added Pin To Net: NetName=+5 Pin=R28-1
Added Pin To Net: NetName=+24 Pin=R30-2
Added Pin To Net: NetName=NetJ2_48 Pin=R32-2
Added Pin To Net: NetName=GND Pin=R33-1
Added Pin To Net: NetName=NetJ2_48 Pin=R33-2
Added Pin To Net: NetName=NetJ1_18 Pin=T1-2
Added Pin To Net: NetName=GND Pin=T2-2
Added Pin To Net: NetName=GND Pin=T3-2
Added Pin To Net: NetName=NetR20_2 Pin=R20-2
Added Pin To Net: NetName=NetR20_2 Pin=R21-1
Added Pin To Net: NetName=NetR20_2 Pin=R28-2
Added Pin To Net: NetName=NetR20_2 Pin=T1-1
Added Pin To Net: NetName=NetR20_2 Pin=T2-3
Added Net: Name=NetR20_2
Added Pin To Net: NetName=NetR23_1 Pin=R23-1
Added Pin To Net: NetName=NetR23_1 Pin=T2-1
Added Net: Name=NetR23_1
Added Pin To Net: NetName=NetR27_2 Pin=R27-2
Added Pin To Net: NetName=NetR27_2 Pin=R30-1
Added Pin To Net: NetName=NetR27_2 Pin=T3-3
Added Net: Name=NetR27_2
Added Pin To Net: NetName=NetR32_1 Pin=R32-1
Added Pin To Net: NetName=NetR32_1 Pin=T3-1
Added Net: Name=NetR32_1
Added Member To Class: ClassName=Dynamics_Sch Member=Component MTH1 Mounting_Hole_3.5mm
Added Member To Class: ClassName=Dynamics_Sch Member=Component MTH2 Mounting_Hole_3.5mm
Added Member To Class: ClassName=Dynamics_Sch Member=Component MTH3 Mounting_Hole_3.5mm
Added Member To Class: ClassName=Dynamics_Sch Member=Component MTH4 Mounting_Hole_3.5mm
Added Member To Class: ClassName=Analog_Circuit Member=Component R23 0805_Resistor
Added Member To Class: ClassName=Analog_Circuit Member=Component R24 0805_Resistor
Added Member To Class: ClassName=Analog_Circuit Member=Component R28 0805_Resistor
Added Member To Class: ClassName=Analog_Circuit_1 Member=Component R30 0805_Resistor
Added Member To Class: ClassName=Analog_Circuit_1 Member=Component R32 0805_Resistor
Added Member To Class: ClassName=Analog_Circuit_1 Member=Component R33 0805_Resistor
Added Member To Class: ClassName=Analog_Circuit Member=Component T1 Pin_header_2
Added Member To Class: ClassName=Analog_Circuit Member=Component T2 BC847
Added Member To Class: ClassName=Analog_Circuit_1 Member=Component T3 BC847
